<?xml version="1.0" encoding="UTF-8"?>
<!-- Generated by org.testng.reporters.JUnitReportReporter -->
<testsuite hostname="DESKTOP-UAJMCLF" failures="0" tests="1" name="tests.newtest" time="74.748" errors="0" timestamp="2022-08-23T19:41:16 IST" skipped="0">
  <testcase classname="tests.newtest" name="openMyBlog" time="74.748"/>
  <system-out/>
</testsuite> <!-- tests.newtest -->
