<?xml version="1.0" encoding="UTF-8"?>
<!-- Generated by org.testng.reporters.JUnitReportReporter -->
<testsuite hostname="DESKTOP-UAJMCLF" failures="0" tests="1" name="tests.LoginTests" time="101.126" errors="0" timestamp="2022-08-23T19:55:00 IST" skipped="0">
  <testcase classname="tests.LoginTests" name="validLoginTest" time="101.126"/>
  <system-out/>
</testsuite> <!-- tests.LoginTests -->
