<?xml version="1.0" encoding="UTF-8"?>
<!-- Generated by org.testng.reporters.JUnitReportReporter -->
<testsuite hostname="DESKTOP-UAJMCLF" failures="0" tests="1" name="tests.VerifyOQRecordsTest" time="128.180" errors="0" timestamp="2022-08-30T23:32:57 IST" skipped="0">
  <testcase classname="tests.VerifyOQRecordsTest" name="VerifyOQrecords" time="128.180"/>
  <system-out/>
</testsuite> <!-- tests.VerifyOQRecordsTest -->
