<?xml version="1.0" encoding="UTF-8"?>
<!-- Generated by org.testng.reporters.JUnitReportReporter -->
<testsuite hostname="DESKTOP-UAJMCLF" failures="0" tests="1" name="tests.EditPipelineTest" time="289.081" errors="0" timestamp="2022-08-17T13:07:20 IST" skipped="0">
  <testcase classname="tests.EditPipelineTest" name="EditPipeline" time="289.081"/>
  <system-out/>
</testsuite> <!-- tests.EditPipelineTest -->
