<?xml version="1.0" encoding="UTF-8"?>
<!-- Generated by org.testng.reporters.JUnitReportReporter -->
<testsuite hostname="DESKTOP-UAJMCLF" failures="0" tests="1" name="tests.UploadOQrecordsTest" time="665.889" errors="0" timestamp="2022-08-30T19:21:53 IST" skipped="0">
  <testcase classname="tests.UploadOQrecordsTest" name="UploadOQrecords" time="665.889"/>
  <system-out/>
</testsuite> <!-- tests.UploadOQrecordsTest -->
