<?xml version="1.0" encoding="UTF-8"?>
<!-- Generated by org.testng.reporters.JUnitReportReporter -->
<testsuite hostname="DESKTOP-UAJMCLF" failures="0" tests="1" name="tests.VerifyOQRecordsTest" time="140.074" errors="0" timestamp="2022-09-15T13:29:56 IST" skipped="0">
  <testcase classname="tests.VerifyOQRecordsTest" name="VerifyOQrecords" time="140.074"/>
  <system-out/>
</testsuite> <!-- tests.VerifyOQRecordsTest -->
