<?xml version="1.0" encoding="UTF-8"?>
<!-- Generated by org.testng.reporters.JUnitReportReporter -->
<testsuite hostname="DESKTOP-UAJMCLF" failures="0" tests="1" name="tests.LoginTests" time="124.117" errors="0" timestamp="2022-09-13T09:43:48 IST" skipped="0">
  <testcase classname="tests.LoginTests" name="validLoginTest" time="124.117"/>
  <system-out/>
</testsuite> <!-- tests.LoginTests -->
