<?xml version="1.0" encoding="UTF-8"?>
<!-- Generated by org.testng.reporters.JUnitReportReporter -->
<testsuite hostname="DESKTOP-UAJMCLF" failures="0" tests="1" name="tests.DeviceTests" time="373.608" errors="0" timestamp="2022-08-10T09:42:20 IST" skipped="0">
  <testcase classname="tests.DeviceTests" name="CreateDevice" time="373.608"/>
  <system-out/>
</testsuite> <!-- tests.DeviceTests -->
