<?xml version="1.0" encoding="UTF-8"?>
<!-- Generated by org.testng.reporters.JUnitReportReporter -->
<testsuite hostname="DESKTOP-UAJMCLF" failures="0" tests="1" name="tests.VerifyOQRecordsTest" time="148.008" errors="0" timestamp="2022-09-07T14:16:29 IST" skipped="0">
  <testcase classname="tests.VerifyOQRecordsTest" name="VerifyOQrecords" time="148.008"/>
  <system-out/>
</testsuite> <!-- tests.VerifyOQRecordsTest -->
