<?xml version="1.0" encoding="UTF-8"?>
<!-- Generated by org.testng.reporters.JUnitReportReporter -->
<testsuite hostname="DESKTOP-UAJMCLF" failures="0" tests="1" name="tests.EditPipelineTest" time="282.615" errors="0" timestamp="2022-08-16T17:06:44 IST" skipped="0">
  <testcase classname="tests.EditPipelineTest" name="EditPipeline" time="282.615"/>
  <system-out/>
</testsuite> <!-- tests.EditPipelineTest -->
