<?xml version="1.0" encoding="UTF-8"?>
<!-- Generated by org.testng.reporters.JUnitReportReporter -->
<testsuite hostname="DESKTOP-UAJMCLF" failures="0" tests="1" name="tests.UploadOQrecordsTest" time="667.221" errors="0" timestamp="2022-08-30T20:06:13 IST" skipped="0">
  <testcase classname="tests.UploadOQrecordsTest" name="UploadOQrecords" time="667.221"/>
  <system-out/>
</testsuite> <!-- tests.UploadOQrecordsTest -->
